d:\sourcecraft\wxgame\wxgame\debug\wxgame.pch
d:\sourcecraft\wxgame\wxgame\debug\vc141.pdb
d:\sourcecraft\wxgame\wxgame\debug\vc141.idb
d:\sourcecraft\wxgame\wxgame\debug\stdafx.obj
d:\sourcecraft\wxgame\wxgame\debug\wxutil.obj
d:\sourcecraft\wxgame\wxgame\debug\wxgame.obj
d:\sourcecraft\wxgame\wxgame\debug\wndstuff.obj
d:\sourcecraft\wxgame\wxgame\debug\wxtimer.obj
d:\sourcecraft\wxgame\wxgame\debug\wxgraphicd3d12.obj
d:\sourcecraft\wxgame\wxgame\debug\mathmatic.obj
d:\sourcecraft\wxgame\wxgame\debug\graphicd3d12.obj
d:\sourcecraft\wxgame\wxgame\debug\fileloader.obj
d:\sourcecraft\wxgame\wxgame\debug\common.obj
d:\sourcecraft\wxgame\debug\wxps.cso
d:\sourcecraft\wxgame\debug\wxvs.cso
d:\sourcecraft\wxgame\debug\wxgame.pdb
d:\sourcecraft\wxgame\wxgame\debug\wxgame.tlog\cl.command.1.tlog
d:\sourcecraft\wxgame\wxgame\debug\wxgame.tlog\cl.read.1.tlog
d:\sourcecraft\wxgame\wxgame\debug\wxgame.tlog\cl.write.1.tlog
d:\sourcecraft\wxgame\wxgame\debug\wxgame.tlog\custombuild.command.1.tlog
d:\sourcecraft\wxgame\wxgame\debug\wxgame.tlog\custombuild.read.1.tlog
d:\sourcecraft\wxgame\wxgame\debug\wxgame.tlog\custombuild.write.1.tlog
d:\sourcecraft\wxgame\wxgame\debug\wxgame.tlog\fxc.command.1.tlog
d:\sourcecraft\wxgame\wxgame\debug\wxgame.tlog\fxc.read.1.tlog
d:\sourcecraft\wxgame\wxgame\debug\wxgame.tlog\fxc.write.1.tlog
d:\sourcecraft\wxgame\wxgame\debug\wxgame.tlog\link.15144-cvtres.read.1.tlog
d:\sourcecraft\wxgame\wxgame\debug\wxgame.tlog\link.15144-cvtres.write.1.tlog
d:\sourcecraft\wxgame\wxgame\debug\wxgame.tlog\link.15144-rc.read.1.tlog
d:\sourcecraft\wxgame\wxgame\debug\wxgame.tlog\link.15144-rc.write.1.tlog
d:\sourcecraft\wxgame\wxgame\debug\wxgame.tlog\link.15144.read.1.tlog
d:\sourcecraft\wxgame\wxgame\debug\wxgame.tlog\link.15144.write.1.tlog
d:\sourcecraft\wxgame\wxgame\debug\wxgame.tlog\link.command.1.tlog
d:\sourcecraft\wxgame\wxgame\debug\wxgame.tlog\link.read.1.tlog
d:\sourcecraft\wxgame\wxgame\debug\wxgame.tlog\link.write.1.tlog
