d:\sourcecraft\wxgame\wxgame\x64\debug\vc141.pdb
d:\sourcecraft\wxgame\wxgame\x64\debug\vc141.idb
d:\sourcecraft\wxgame\wxgame\x64\debug\wxutil.obj
d:\sourcecraft\wxgame\wxgame\x64\debug\wxgame.obj
d:\sourcecraft\wxgame\wxgame\x64\debug\wndstuff.obj
d:\sourcecraft\wxgame\wxgame\x64\debug\wxtimer.obj
d:\sourcecraft\wxgame\wxgame\x64\debug\wxgraphicd3d12.obj
d:\sourcecraft\wxgame\wxgame\x64\debug\graphicd3d12.obj
d:\sourcecraft\wxgame\wxgame\x64\debug\fileloader.obj
d:\sourcecraft\wxgame\wxgame\x64\debug\common.obj
d:\sourcecraft\wxgame\x64\debug\wxps.cso
d:\sourcecraft\wxgame\x64\debug\wxvs.cso
d:\sourcecraft\wxgame\x64\debug\wxgame.exe
d:\sourcecraft\wxgame\x64\debug\wxgame.ilk
d:\sourcecraft\wxgame\x64\debug\wxgame.pdb
d:\sourcecraft\wxgame\wxgame\x64\debug\wxgame.tlog\cl.command.1.tlog
d:\sourcecraft\wxgame\wxgame\x64\debug\wxgame.tlog\cl.read.1.tlog
d:\sourcecraft\wxgame\wxgame\x64\debug\wxgame.tlog\cl.write.1.tlog
d:\sourcecraft\wxgame\wxgame\x64\debug\wxgame.tlog\fxc.command.1.tlog
d:\sourcecraft\wxgame\wxgame\x64\debug\wxgame.tlog\fxc.read.1.tlog
d:\sourcecraft\wxgame\wxgame\x64\debug\wxgame.tlog\fxc.write.1.tlog
d:\sourcecraft\wxgame\wxgame\x64\debug\wxgame.tlog\link.command.1.tlog
d:\sourcecraft\wxgame\wxgame\x64\debug\wxgame.tlog\link.read.1.tlog
d:\sourcecraft\wxgame\wxgame\x64\debug\wxgame.tlog\link.write.1.tlog
